
SQL*Loader: Release 19.0.0.0.0 - Production on Wed Nov 11 13:13:48 2020
Version 19.3.0.0.0

Copyright (c) 1982, 2019, Oracle and/or its affiliates.  All rights reserved.

Control File:   golfers.ctl
Data File:      mySampleSiteGolferData.csv
  Bad File:     golfers.bad
  Discard File:  none specified
 
 (Allow all discards)

Number to load: ALL
Number to skip: 0
Errors allowed: 50
Continuation:    none specified
Path used:      Direct

Table GOLFERS, loaded from every logical record.
Insert option in effect for this table: INSERT

   Column Name                  Position   Len  Term Encl Datatype
------------------------------ ---------- ----- ---- ---- ---------------------
ID                                  FIRST     *   ,  O(") CHARACTER            
LAST_NAME                            NEXT     *   ,  O(") CHARACTER            
FIRST_NAME                           NEXT     *   ,  O(") CHARACTER            
PHONE                                NEXT     *   ,  O(") CHARACTER            
TEAM                                 NEXT     *   ,  O(") CHARACTER            
HANDICAP                             NEXT     *   ,  O(") CHARACTER            

Record 1: Rejected - Error on table GOLFERS, column ID.
ORA-01722: invalid number

The following index(es) on table GOLFERS were processed:
index THOMAEJ.SYS_C007421 loaded successfully with 40 keys

Table GOLFERS:
  40 Rows successfully loaded.
  1 Row not loaded due to data errors.
  0 Rows not loaded because all WHEN clauses were failed.
  0 Rows not loaded because all fields were null.

Bind array size not used in direct path.
Column array  rows :    5000
Stream buffer bytes:  256000
Read   buffer bytes: 1048576

Total logical records skipped:          0
Total logical records read:            41
Total logical records rejected:         1
Total logical records discarded:        0
Total stream buffers loaded by SQL*Loader main thread:        1
Total stream buffers loaded by SQL*Loader load thread:        0

Run began on Wed Nov 11 13:13:48 2020
Run ended on Wed Nov 11 13:13:50 2020

Elapsed time was:     00:00:01.13
CPU time was:         00:00:00.76
